Started GET "/" for 127.0.0.1 at 2017-07-24 11:52:23 +0100
Processing by Rails::WelcomeController#index as HTML
  Rendering /Users/davidhalewood/.rvm/gems/ruby-2.2.6@global/gems/railties-5.1.2/lib/rails/templates/rails/welcome/index.html.erb
  Rendered /Users/davidhalewood/.rvm/gems/ruby-2.2.6@global/gems/railties-5.1.2/lib/rails/templates/rails/welcome/index.html.erb (4.0ms)
Completed 200 OK in 242ms (Views: 10.2ms)


Started GET "/" for 127.0.0.1 at 2017-07-24 12:09:00 +0100
Processing by Rails::WelcomeController#index as HTML
  Rendering /Users/davidhalewood/.rvm/gems/ruby-2.2.6@global/gems/railties-5.1.2/lib/rails/templates/rails/welcome/index.html.erb
  Rendered /Users/davidhalewood/.rvm/gems/ruby-2.2.6@global/gems/railties-5.1.2/lib/rails/templates/rails/welcome/index.html.erb (4.5ms)
Completed 200 OK in 13ms (Views: 10.1ms)


Started GET "/home" for 127.0.0.1 at 2017-07-24 12:09:00 +0100
  
ActionController::RoutingError (No route matches [GET] "/home"):
  
actionpack (5.1.2) lib/action_dispatch/middleware/debug_exceptions.rb:63:in `call'
web-console (3.5.1) lib/web_console/middleware.rb:135:in `call_app'
web-console (3.5.1) lib/web_console/middleware.rb:28:in `block in call'
web-console (3.5.1) lib/web_console/middleware.rb:18:in `catch'
web-console (3.5.1) lib/web_console/middleware.rb:18:in `call'
actionpack (5.1.2) lib/action_dispatch/middleware/show_exceptions.rb:31:in `call'
railties (5.1.2) lib/rails/rack/logger.rb:36:in `call_app'
railties (5.1.2) lib/rails/rack/logger.rb:24:in `block in call'
activesupport (5.1.2) lib/active_support/tagged_logging.rb:69:in `block in tagged'
activesupport (5.1.2) lib/active_support/tagged_logging.rb:26:in `tagged'
activesupport (5.1.2) lib/active_support/tagged_logging.rb:69:in `tagged'
railties (5.1.2) lib/rails/rack/logger.rb:24:in `call'
sprockets-rails (3.2.0) lib/sprockets/rails/quiet_assets.rb:13:in `call'
actionpack (5.1.2) lib/action_dispatch/middleware/remote_ip.rb:79:in `call'
actionpack (5.1.2) lib/action_dispatch/middleware/request_id.rb:25:in `call'
rack (2.0.3) lib/rack/method_override.rb:22:in `call'
rack (2.0.3) lib/rack/runtime.rb:22:in `call'
activesupport (5.1.2) lib/active_support/cache/strategy/local_cache_middleware.rb:27:in `call'
actionpack (5.1.2) lib/action_dispatch/middleware/executor.rb:12:in `call'
actionpack (5.1.2) lib/action_dispatch/middleware/static.rb:125:in `call'
rack (2.0.3) lib/rack/sendfile.rb:111:in `call'
railties (5.1.2) lib/rails/engine.rb:522:in `call'
puma (3.9.1) lib/puma/configuration.rb:224:in `call'
puma (3.9.1) lib/puma/server.rb:602:in `handle_request'
puma (3.9.1) lib/puma/server.rb:435:in `process_client'
puma (3.9.1) lib/puma/server.rb:299:in `block in run'
puma (3.9.1) lib/puma/thread_pool.rb:120:in `call'
puma (3.9.1) lib/puma/thread_pool.rb:120:in `block in spawn_thread'
Started GET "/home" for 127.0.0.1 at 2017-07-24 12:09:10 +0100
  
ActionController::RoutingError (No route matches [GET] "/home"):
  
actionpack (5.1.2) lib/action_dispatch/middleware/debug_exceptions.rb:63:in `call'
web-console (3.5.1) lib/web_console/middleware.rb:135:in `call_app'
web-console (3.5.1) lib/web_console/middleware.rb:28:in `block in call'
web-console (3.5.1) lib/web_console/middleware.rb:18:in `catch'
web-console (3.5.1) lib/web_console/middleware.rb:18:in `call'
actionpack (5.1.2) lib/action_dispatch/middleware/show_exceptions.rb:31:in `call'
railties (5.1.2) lib/rails/rack/logger.rb:36:in `call_app'
railties (5.1.2) lib/rails/rack/logger.rb:24:in `block in call'
activesupport (5.1.2) lib/active_support/tagged_logging.rb:69:in `block in tagged'
activesupport (5.1.2) lib/active_support/tagged_logging.rb:26:in `tagged'
activesupport (5.1.2) lib/active_support/tagged_logging.rb:69:in `tagged'
railties (5.1.2) lib/rails/rack/logger.rb:24:in `call'
sprockets-rails (3.2.0) lib/sprockets/rails/quiet_assets.rb:13:in `call'
actionpack (5.1.2) lib/action_dispatch/middleware/remote_ip.rb:79:in `call'
actionpack (5.1.2) lib/action_dispatch/middleware/request_id.rb:25:in `call'
rack (2.0.3) lib/rack/method_override.rb:22:in `call'
rack (2.0.3) lib/rack/runtime.rb:22:in `call'
activesupport (5.1.2) lib/active_support/cache/strategy/local_cache_middleware.rb:27:in `call'
actionpack (5.1.2) lib/action_dispatch/middleware/executor.rb:12:in `call'
actionpack (5.1.2) lib/action_dispatch/middleware/static.rb:125:in `call'
rack (2.0.3) lib/rack/sendfile.rb:111:in `call'
railties (5.1.2) lib/rails/engine.rb:522:in `call'
puma (3.9.1) lib/puma/configuration.rb:224:in `call'
puma (3.9.1) lib/puma/server.rb:602:in `handle_request'
puma (3.9.1) lib/puma/server.rb:435:in `process_client'
puma (3.9.1) lib/puma/server.rb:299:in `block in run'
puma (3.9.1) lib/puma/thread_pool.rb:120:in `call'
puma (3.9.1) lib/puma/thread_pool.rb:120:in `block in spawn_thread'
Started GET "/" for 127.0.0.1 at 2017-07-24 12:09:10 +0100
Processing by Rails::WelcomeController#index as HTML
  Rendering /Users/davidhalewood/.rvm/gems/ruby-2.2.6@global/gems/railties-5.1.2/lib/rails/templates/rails/welcome/index.html.erb
  Rendered /Users/davidhalewood/.rvm/gems/ruby-2.2.6@global/gems/railties-5.1.2/lib/rails/templates/rails/welcome/index.html.erb (3.6ms)
Completed 200 OK in 71ms (Views: 65.6ms)


Started GET "/welcome" for 127.0.0.1 at 2017-07-24 12:09:11 +0100
Processing by PagesController#home as HTML
  Rendering pages/home.html.erb within layouts/application
  Rendered pages/home.html.erb within layouts/application (0.5ms)
Completed 200 OK in 585ms (Views: 582.3ms)


Started GET "/welcome" for 127.0.0.1 at 2017-07-24 12:11:58 +0100
Processing by PagesController#home as HTML
  Rendering pages/home.html.erb within layouts/application
  Rendered pages/home.html.erb within layouts/application (0.6ms)
Completed 200 OK in 58ms (Views: 55.2ms)


Started GET "/welcome" for 127.0.0.1 at 2017-07-24 17:29:59 +0100
Processing by PagesController#home as HTML
  Rendering pages/home.html.erb within layouts/application
  Rendered pages/home.html.erb within layouts/application (1.5ms)
Completed 200 OK in 591ms (Views: 315.6ms)


Started GET "/welcome" for 127.0.0.1 at 2017-07-24 17:30:16 +0100
Processing by PagesController#home as HTML
  Rendering pages/home.html.erb within layouts/application
  Rendered pages/home.html.erb within layouts/application (0.4ms)
Completed 200 OK in 24ms (Views: 21.7ms)


Started GET "/welcome" for 127.0.0.1 at 2017-07-24 17:30:19 +0100
Processing by PagesController#home as HTML
  Rendering pages/home.html.erb within layouts/application
  Rendered pages/home.html.erb within layouts/application (0.4ms)
Completed 200 OK in 19ms (Views: 16.8ms)


Started GET "/" for 127.0.0.1 at 2017-07-24 17:30:20 +0100
Processing by Rails::WelcomeController#index as HTML
  Rendering /Users/davidhalewood/.rvm/gems/ruby-2.2.6@global/gems/railties-5.1.2/lib/rails/templates/rails/welcome/index.html.erb
  Rendered /Users/davidhalewood/.rvm/gems/ruby-2.2.6@global/gems/railties-5.1.2/lib/rails/templates/rails/welcome/index.html.erb (4.7ms)
Completed 200 OK in 16ms (Views: 11.1ms)


Started GET "/" for 127.0.0.1 at 2017-07-24 17:30:20 +0100
Processing by Rails::WelcomeController#index as HTML
  Rendering /Users/davidhalewood/.rvm/gems/ruby-2.2.6@global/gems/railties-5.1.2/lib/rails/templates/rails/welcome/index.html.erb
  Rendered /Users/davidhalewood/.rvm/gems/ruby-2.2.6@global/gems/railties-5.1.2/lib/rails/templates/rails/welcome/index.html.erb (4.9ms)
Completed 200 OK in 12ms (Views: 8.7ms)


Started GET "/welcome" for 127.0.0.1 at 2017-07-24 17:30:23 +0100
Processing by PagesController#home as HTML
  Rendering pages/home.html.erb within layouts/application
  Rendered pages/home.html.erb within layouts/application (0.5ms)
Completed 200 OK in 28ms (Views: 25.3ms)


Started GET "/welcome" for 127.0.0.1 at 2017-07-24 17:30:24 +0100
Processing by PagesController#home as HTML
  Rendering pages/home.html.erb within layouts/application
  Rendered pages/home.html.erb within layouts/application (0.5ms)
Completed 200 OK in 60ms (Views: 56.7ms)


Started GET "/welcome" for 127.0.0.1 at 2017-07-24 17:30:40 +0100
Processing by PagesController#home as HTML
  Rendering pages/home.html.erb within layouts/application
  Rendered pages/home.html.erb within layouts/application (0.8ms)
Completed 200 OK in 45ms (Views: 42.1ms)


Started GET "/welcome" for 127.0.0.1 at 2017-07-24 17:31:41 +0100
Processing by PagesController#home as HTML
  Rendering pages/home.html.erb within layouts/application
  Rendered pages/home.html.erb within layouts/application (0.4ms)
Completed 200 OK in 64ms (Views: 61.4ms)


Started GET "/welcome" for 127.0.0.1 at 2017-07-24 17:33:06 +0100
Processing by PagesController#home as HTML
  Rendering pages/home.html.erb within layouts/application
  Rendered pages/home.html.erb within layouts/application (0.6ms)
Completed 200 OK in 81ms (Views: 78.5ms)


Started GET "/welcome" for 127.0.0.1 at 2017-07-24 17:33:40 +0100
Processing by PagesController#home as HTML
  Rendering pages/home.html.erb within layouts/application
  Rendered pages/home.html.erb within layouts/application (1.5ms)
Completed 200 OK in 84ms (Views: 81.8ms)


Started GET "/welcome" for 127.0.0.1 at 2017-07-24 17:35:56 +0100
Processing by PagesController#home as HTML
  Rendering pages/home.html.erb within layouts/application
  Rendered pages/home.html.erb within layouts/application (0.4ms)
Completed 200 OK in 62ms (Views: 60.1ms)


Started GET "/welcome" for 127.0.0.1 at 2017-07-25 19:51:41 +0100
Processing by PagesController#home as HTML
  Rendering pages/home.html.erb within layouts/application
  Rendered pages/home.html.erb within layouts/application (1.7ms)
Completed 200 OK in 612ms (Views: 327.8ms)


Started GET "/" for 127.0.0.1 at 2017-07-25 19:53:10 +0100
Processing by Rails::WelcomeController#index as HTML
  Rendering /Users/davidhalewood/.rvm/gems/ruby-2.2.6@global/gems/railties-5.1.2/lib/rails/templates/rails/welcome/index.html.erb
  Rendered /Users/davidhalewood/.rvm/gems/ruby-2.2.6@global/gems/railties-5.1.2/lib/rails/templates/rails/welcome/index.html.erb (5.0ms)
Completed 200 OK in 15ms (Views: 9.4ms)


Started GET "/" for 127.0.0.1 at 2017-07-25 19:53:10 +0100
Processing by Rails::WelcomeController#index as HTML
  Rendering /Users/davidhalewood/.rvm/gems/ruby-2.2.6@global/gems/railties-5.1.2/lib/rails/templates/rails/welcome/index.html.erb
  Rendered /Users/davidhalewood/.rvm/gems/ruby-2.2.6@global/gems/railties-5.1.2/lib/rails/templates/rails/welcome/index.html.erb (4.8ms)
Completed 200 OK in 12ms (Views: 8.4ms)


Started GET "/" for 127.0.0.1 at 2017-07-25 19:53:20 +0100
  
SyntaxError (/Users/davidhalewood/Documents/RubyOnRails/config/routes.rb:2: syntax error, unexpected =>, expecting keyword_end
  root => 'pages#home'
         ^):
  
config/routes.rb:2: syntax error, unexpected =>, expecting keyword_end
Started GET "/" for 127.0.0.1 at 2017-07-25 19:53:56 +0100
Processing by PagesController#home as HTML
  Rendering pages/home.html.erb within layouts/application
  Rendered pages/home.html.erb within layouts/application (0.6ms)
Completed 200 OK in 27ms (Views: 24.6ms)


Started GET "/bio" for 127.0.0.1 at 2017-07-25 19:58:56 +0100
Processing by PagesController#bio as HTML
  Rendering pages/bio.html.erb within layouts/application
  Rendered pages/bio.html.erb within layouts/application (0.5ms)
Completed 200 OK in 25ms (Views: 22.2ms)


Started GET "/bio" for 127.0.0.1 at 2017-07-25 20:06:49 +0100
Processing by PagesController#bio as HTML
  Rendering pages/bio.html.erb within layouts/application
  Rendered pages/bio.html.erb within layouts/application (0.4ms)
Completed 200 OK in 28ms (Views: 25.3ms)


Started GET "/bio" for 127.0.0.1 at 2017-07-25 20:07:26 +0100
Processing by PagesController#bio as HTML
  Rendering pages/bio.html.erb within layouts/application
  Rendered pages/bio.html.erb within layouts/application (0.5ms)
Completed 200 OK in 34ms (Views: 31.7ms)


Started GET "/bio" for 127.0.0.1 at 2017-07-25 20:07:41 +0100
Processing by PagesController#bio as HTML
  Rendering pages/bio.html.erb within layouts/application
  Rendered pages/bio.html.erb within layouts/application (1.3ms)
Completed 200 OK in 45ms (Views: 43.1ms)


Started GET "/bio" for 127.0.0.1 at 2017-07-25 20:08:22 +0100
Processing by PagesController#bio as HTML
  Rendering pages/bio.html.erb within layouts/application
  Rendered pages/bio.html.erb within layouts/application (0.6ms)
Completed 200 OK in 40ms (Views: 35.7ms)


Started GET "/bio" for 127.0.0.1 at 2017-07-25 20:08:56 +0100
Processing by PagesController#bio as HTML
  Rendering pages/bio.html.erb within layouts/application
  Rendered pages/bio.html.erb within layouts/application (0.4ms)
Completed 200 OK in 38ms (Views: 33.8ms)


Started GET "/bio" for 127.0.0.1 at 2017-07-25 20:09:29 +0100
Processing by PagesController#bio as HTML
  Rendering pages/bio.html.erb within layouts/application
  Rendered pages/bio.html.erb within layouts/application (0.7ms)
Completed 200 OK in 36ms (Views: 33.6ms)


Started GET "/bio" for 127.0.0.1 at 2017-07-25 20:10:31 +0100
Processing by PagesController#bio as HTML
  Rendering pages/bio.html.erb within layouts/application
  Rendered pages/bio.html.erb within layouts/application (0.7ms)
Completed 200 OK in 21ms (Views: 18.8ms)


Started GET "/" for 127.0.0.1 at 2017-07-25 20:10:31 +0100
Processing by PagesController#home as HTML
  Rendering pages/home.html.erb within layouts/application
  Rendered pages/home.html.erb within layouts/application (0.4ms)
Completed 200 OK in 18ms (Views: 15.7ms)


Started GET "/" for 127.0.0.1 at 2017-07-25 20:10:32 +0100
Processing by PagesController#home as HTML
  Rendering pages/home.html.erb within layouts/application
  Rendered pages/home.html.erb within layouts/application (0.4ms)
Completed 200 OK in 30ms (Views: 27.4ms)


Started GET "//bio" for 127.0.0.1 at 2017-07-25 20:10:36 +0100
Processing by PagesController#bio as HTML
  Rendering pages/bio.html.erb within layouts/application
  Rendered pages/bio.html.erb within layouts/application (0.8ms)
Completed 200 OK in 26ms (Views: 23.7ms)


Started GET "//bio" for 127.0.0.1 at 2017-07-25 20:10:41 +0100
Processing by PagesController#bio as HTML
  Rendering pages/bio.html.erb within layouts/application
  Rendered pages/bio.html.erb within layouts/application (0.4ms)
Completed 200 OK in 22ms (Views: 19.2ms)


Started GET "/" for 127.0.0.1 at 2017-07-25 20:10:41 +0100
Processing by PagesController#home as HTML
  Rendering pages/home.html.erb within layouts/application
  Rendered pages/home.html.erb within layouts/application (0.5ms)
Completed 200 OK in 26ms (Views: 23.7ms)


Started GET "//" for 127.0.0.1 at 2017-07-25 20:10:42 +0100
Processing by PagesController#home as HTML
  Rendering pages/home.html.erb within layouts/application
  Rendered pages/home.html.erb within layouts/application (0.6ms)
Completed 200 OK in 26ms (Views: 22.8ms)


Started GET "//bio" for 127.0.0.1 at 2017-07-25 20:10:46 +0100
Processing by PagesController#bio as HTML
  Rendering pages/bio.html.erb within layouts/application
  Rendered pages/bio.html.erb within layouts/application (0.5ms)
Completed 200 OK in 22ms (Views: 19.6ms)


Started GET "//bio" for 127.0.0.1 at 2017-07-25 20:10:47 +0100
Processing by PagesController#bio as HTML
  Rendering pages/bio.html.erb within layouts/application
  Rendered pages/bio.html.erb within layouts/application (0.8ms)
Completed 200 OK in 27ms (Views: 25.2ms)


